0 info it worked if it ends with ok
1 verbose cli [ '/usr/local/Cellar/node/7.1.0/bin/node',
1 verbose cli   '/usr/local/bin/npm',
1 verbose cli   'publish' ]
2 info using npm@3.10.9
3 info using node@v7.1.0
4 verbose publish [ '.' ]
5 silly cache add args [ '.', null ]
6 verbose cache add spec .
7 silly cache add parsed spec Result {
7 silly cache add   raw: '.',
7 silly cache add   scope: null,
7 silly cache add   escapedName: null,
7 silly cache add   name: null,
7 silly cache add   rawSpec: '.',
7 silly cache add   spec: '/Users/quinn/Projects/twitter-promise',
7 silly cache add   type: 'directory' }
8 verbose addLocalDirectory /Users/quinn/.npm/twitter-promise/1.0.10/package.tgz not in flight; packing
9 verbose correctMkdir /Users/quinn/.npm correctMkdir not in flight; initializing
10 info lifecycle twitter-promise@1.0.10~prepublish: twitter-promise@1.0.10
11 silly lifecycle twitter-promise@1.0.10~prepublish: no script for prepublish, continuing
12 verbose tar pack [ '/Users/quinn/.npm/twitter-promise/1.0.10/package.tgz',
12 verbose tar pack   '/Users/quinn/Projects/twitter-promise' ]
13 verbose tarball /Users/quinn/.npm/twitter-promise/1.0.10/package.tgz
14 verbose folder /Users/quinn/Projects/twitter-promise
15 verbose addLocalTarball adding from inside cache /Users/quinn/.npm/twitter-promise/1.0.10/package.tgz
16 verbose correctMkdir /Users/quinn/.npm correctMkdir not in flight; initializing
17 silly cache afterAdd twitter-promise@1.0.10
18 verbose afterAdd /Users/quinn/.npm/twitter-promise/1.0.10/package/package.json not in flight; writing
19 verbose correctMkdir /Users/quinn/.npm correctMkdir not in flight; initializing
20 verbose afterAdd /Users/quinn/.npm/twitter-promise/1.0.10/package/package.json written
21 silly publish { name: 'twitter-promise',
21 silly publish   version: '1.0.10',
21 silly publish   description: 'Twitter API Promise',
21 silly publish   main: './lib/twitter-promise.js',
21 silly publish   scripts: { test: 'echo "Error: no test specified" && exit 1' },
21 silly publish   repository:
21 silly publish    { type: 'git',
21 silly publish      url: 'git+https://the-nobody@github.com/the-nobody/twitter-promise.git' },
21 silly publish   keywords: [ 'twitter', 'promise' ],
21 silly publish   author: { name: 'The Nobody' },
21 silly publish   license: 'MIT',
21 silly publish   bugs: { url: 'https://github.com/the-nobody/twitter-promise/issues' },
21 silly publish   homepage: 'https://github.com/the-nobody/twitter-promise#readme',
21 silly publish   dependencies: { request: '^2.78.0' },
21 silly publish   readme: '# Twitter Promise\n\nTwitter promise is a Class utility for accessing the Twitter API.\n\n## installing\n```console\nnpm install twitter-promise --save  \n```\n\n## including in your code\n```javascript\nconst Twitter = require("twitter-promise")\n```\n\nDependencies:\n1. request\n\nExample:\n\n## TwitterServer.js\nor create your own name\n```javascript\nconst Twitter = require("twitter-promise");\n\nClass TwitterServer extends Twitter {\n  constructor(auth) {\n    super(auth);\n  }\n  \n  timeline(screen_name) {\n    return new Promise((resolve, reject) => {\n      // because we extend Twitter into TwitterServer all it\'s methods/properties are inherited into the \'this\' scope.\n    \tthis.get({\n          path: "statuses/user_timeline",\n          params: { screen_name }\n        })\n        .then(response => {\n          resolve(response);\n        })\n        .catch(err => {\n          reject(err);\n        });\n    });\n  }  \n}\n\nmodule.exports = TwitterServer\n\n```\n\n## Using\nTwitterServer.js in some other file\n```javascript\n// using TwitterServer\nconst TwitterServer = require("TwitterServer.js");\nconst tw = new TwitterServer({\n  consumer_key: "your_key",\n  consumer_secret: "your_secret",\n  token: "your_token",\n  token_secret: "your_secret"\n});\n\n// now let\'s get our timeline from the new twitter server\ntw.timeline("screen_name")\n  .then(response => {\n    console.log("RESPONSE", response);\n  })\n  .catch(err => {\n    console.log("ERROR", err);\n  });\n```\n',
21 silly publish   readmeFilename: 'README.md',
21 silly publish   gitHead: '12ae2b54dded8f5627e4d1073ac71f71f4c07136',
21 silly publish   _id: 'twitter-promise@1.0.10',
21 silly publish   _shasum: '88ed170d765e8c5c4018378b496917fb1527ba0d',
21 silly publish   _from: '.' }
22 verbose getPublishConfig undefined
23 silly mapToRegistry name twitter-promise
24 silly mapToRegistry using default registry
25 silly mapToRegistry registry https://registry.npmjs.org/
26 silly mapToRegistry data Result {
26 silly mapToRegistry   raw: 'twitter-promise',
26 silly mapToRegistry   scope: null,
26 silly mapToRegistry   escapedName: 'twitter-promise',
26 silly mapToRegistry   name: 'twitter-promise',
26 silly mapToRegistry   rawSpec: '',
26 silly mapToRegistry   spec: 'latest',
26 silly mapToRegistry   type: 'tag' }
27 silly mapToRegistry uri https://registry.npmjs.org/twitter-promise
28 verbose publish registryBase https://registry.npmjs.org/
29 silly publish uploading /Users/quinn/.npm/twitter-promise/1.0.10/package.tgz
30 verbose request uri https://registry.npmjs.org/twitter-promise
31 verbose request sending authorization for write operation
32 info attempt registry request try #1 at 5:12:59 PM
33 verbose request using bearer token for auth
34 verbose request id 9145323a0e5a56b6
35 http request PUT https://registry.npmjs.org/twitter-promise
36 http 403 https://registry.npmjs.org/twitter-promise
37 verbose headers { 'content-type': 'application/json',
37 verbose headers   'cache-control': 'max-age=300',
37 verbose headers   'content-length': '96',
37 verbose headers   'accept-ranges': 'bytes',
37 verbose headers   date: 'Tue, 16 May 2017 00:12:12 GMT',
37 verbose headers   via: '1.1 varnish',
37 verbose headers   connection: 'keep-alive',
37 verbose headers   'x-served-by': 'cache-sea1023-SEA',
37 verbose headers   'x-cache': 'MISS',
37 verbose headers   'x-cache-hits': '0',
37 verbose headers   'x-timer': 'S1494893532.080156,VS0,VE96',
37 verbose headers   vary: 'Accept-Encoding' }
38 verbose request invalidating /Users/quinn/.npm/registry.npmjs.org/twitter-promise on PUT
39 error publish Failed PUT 403
40 verbose stack Error: "You cannot publish over the previously published version 1.0.10." : twitter-promise
40 verbose stack     at makeError (/usr/local/lib/node_modules/npm/node_modules/npm-registry-client/lib/request.js:302:12)
40 verbose stack     at CachingRegistryClient.<anonymous> (/usr/local/lib/node_modules/npm/node_modules/npm-registry-client/lib/request.js:290:14)
40 verbose stack     at Request._callback (/usr/local/lib/node_modules/npm/node_modules/npm-registry-client/lib/request.js:210:14)
40 verbose stack     at Request.self.callback (/usr/local/lib/node_modules/npm/node_modules/request/request.js:187:22)
40 verbose stack     at emitTwo (events.js:106:13)
40 verbose stack     at Request.emit (events.js:191:7)
40 verbose stack     at Request.<anonymous> (/usr/local/lib/node_modules/npm/node_modules/request/request.js:1048:10)
40 verbose stack     at emitOne (events.js:96:13)
40 verbose stack     at Request.emit (events.js:188:7)
40 verbose stack     at IncomingMessage.<anonymous> (/usr/local/lib/node_modules/npm/node_modules/request/request.js:969:12)
41 verbose statusCode 403
42 verbose pkgid twitter-promise
43 verbose cwd /Users/quinn/Projects/twitter-promise
44 error Darwin 16.4.0
45 error argv "/usr/local/Cellar/node/7.1.0/bin/node" "/usr/local/bin/npm" "publish"
46 error node v7.1.0
47 error npm  v3.10.9
48 error code E403
49 error "You cannot publish over the previously published version 1.0.10." : twitter-promise
50 error If you need help, you may report this error at:
50 error     <https://github.com/npm/npm/issues>
51 verbose exit [ 1, true ]
